[2016.04.22-08.27.28:612][  0]Log file open, 04/22/16 17:27:28
[2016.04.22-08.27.28:612][  0]LogInit:Display: Running engine for game: vegetation_pack
[2016.04.22-08.27.28:612][  0]LogInit:Display: RandInit(-1588695509) SRandInit(-1588695509).
[2016.04.22-08.27.28:612][  0]LogTaskGraph: Started task graph with 4 named threads and 7 total threads.
[2016.04.22-08.27.28:612][  0]LogStats: Stats thread started at 0.112353
[2016.04.22-08.27.28:612][  0]LogInit: Version: 4.9.2-2707645+++depot+UE4-Releases+4.9
[2016.04.22-08.27.28:612][  0]LogInit: API Version: 2672455
[2016.04.22-08.27.28:612][  0]LogInit: Compiled (64-bit): Sep 28 2015 10:25:44
[2016.04.22-08.27.28:612][  0]LogInit: Compiled with Visual C++: 18.00.21005.01
[2016.04.22-08.27.28:612][  0]LogInit: Build Configuration: Development
[2016.04.22-08.27.28:612][  0]LogInit: Branch Name: ++depot+UE4-Releases+4.9
[2016.04.22-08.27.28:612][  0]LogInit: Command line:  
[2016.04.22-08.27.28:612][  0]LogInit: Base directory: D:/Epic Games/4.9/Engine/Binaries/Win64/
[2016.04.22-08.27.28:612][  0]LogInit: Rocket: 1
[2016.04.22-08.27.28:649][  0]LogInit: Using libcurl 7.41.0
[2016.04.22-08.27.28:649][  0]LogInit:  - built for x86_64-pc-win32
[2016.04.22-08.27.28:649][  0]LogInit:  - supports SSL with WinSSL
[2016.04.22-08.27.28:649][  0]LogInit:  - other features:
[2016.04.22-08.27.28:649][  0]LogInit:      CURL_VERSION_SSL
[2016.04.22-08.27.28:649][  0]LogInit:      CURL_VERSION_IPV6
[2016.04.22-08.27.28:649][  0]LogInit:      CURL_VERSION_ASYNCHDNS
[2016.04.22-08.27.28:649][  0]LogInit:      CURL_VERSION_LARGEFILE
[2016.04.22-08.27.28:649][  0]LogInit:      CURL_VERSION_IDN
[2016.04.22-08.27.28:649][  0]LogInit:  CurlRequestOptions (configurable via config and command line):
[2016.04.22-08.27.28:649][  0]LogInit:  - bVerifyPeer = true  - Libcurl will verify peer certificate
[2016.04.22-08.27.28:649][  0]LogInit:  - bUseHttpProxy = false  - Libcurl will NOT use HTTP proxy
[2016.04.22-08.27.28:649][  0]LogInit:  - bDontReuseConnections = false  - Libcurl will reuse connections
[2016.04.22-08.27.28:649][  0]LogInit:  - CertBundlePath = nullptr  - Libcurl will use whatever was configured at build time.
[2016.04.22-08.27.28:691][  0]LogInit: Presizing for 0 objects not considered by GC, pre-allocating 0 bytes.
[2016.04.22-08.27.28:697][  0]LogInit: Object subsystem initialized
[2016.04.22-08.27.28:699][  0]LogInit: Selected Device Profile: [Windows]
[2016.04.22-08.27.28:699][  0]LogInit: Applying CVar settings loaded from the selected device profile: [Windows]
[2016.04.22-08.27.28:718][  0]LogInit: Computer: DRAGON-PC
[2016.04.22-08.27.28:718][  0]LogInit: User: Dragon
[2016.04.22-08.27.28:718][  0]LogInit: CPU Page size=4096, Cores=4
[2016.04.22-08.27.28:718][  0]LogInit: High frequency timer resolution =2.435778 MHz
[2016.04.22-08.27.28:718][  0]LogMemory: Memory total: Physical=7.9GB (8GB approx)
[2016.04.22-08.27.28:718][  0]LogMemory: Platform Memory Stats for Windows
[2016.04.22-08.27.28:718][  0]LogMemory: Process Physical Memory: 53.39 MB used, 53.39 MB peak
[2016.04.22-08.27.28:718][  0]LogMemory: Process Virtual Memory: 55.51 MB used, 55.51 MB peak
[2016.04.22-08.27.28:718][  0]LogMemory: Physical Memory: 3044.24 MB used, 8111.60 MB total
[2016.04.22-08.27.28:718][  0]LogMemory: Virtual Memory: 351.20 MB used, 134217728.00 MB total
[2016.04.22-08.27.28:903][  0]LogTextLocalizationManager: No specific translations for ('en-US') exist, so ('en') translations will be used.
[2016.04.22-08.27.29:780][  0]LogD3D11RHI: Found D3D11 adapter 0: NVIDIA GeForce GTX 970M     (Feature Level 11_0)
[2016.04.22-08.27.29:780][  0]LogD3D11RHI: Adapter has 2973MB of dedicated video memory, 0MB of dedicated system memory, and 4055MB of shared system memory, 1 output[s]
[2016.04.22-08.27.29:807][  0]LogD3D11RHI: Found D3D11 adapter 1: NVIDIA GeForce GTX 970M     (Feature Level 11_0)
[2016.04.22-08.27.29:807][  0]LogD3D11RHI: Adapter has 2973MB of dedicated video memory, 0MB of dedicated system memory, and 4055MB of shared system memory, 1 output[s]
[2016.04.22-08.27.29:808][  0]LogD3D11RHI: Found D3D11 adapter 2: NVIDIA GeForce GTX 970M     (Feature Level 11_0)
[2016.04.22-08.27.29:808][  0]LogD3D11RHI: Adapter has 2973MB of dedicated video memory, 0MB of dedicated system memory, and 4055MB of shared system memory, 0 output[s]
[2016.04.22-08.27.29:808][  0]LogD3D11RHI: Chosen D3D11 Adapter Id = 0
[2016.04.22-08.27.29:814][  0]LogD3D11RHI: !Direct3DDevice
[2016.04.22-08.27.29:814][  0]LogRHI: Texture pool is 1361 MB (70% of 1945 MB)
[2016.04.22-08.27.29:827][  0]LogD3D11RHI: Async texture creation enabled
[2016.04.22-08.27.29:843][  0]LogShaderCompilers: Guid format shader working directory is 15 characters bigger than the processId version (../../../../../Projects/Unreal/Cours/vegetation_pack/Intermediate/Shaders/WorkingDirectory/4944/).
[2016.04.22-08.27.29:843][  0]LogShaderCompilers: Cleaned the shader compiler working directory '../../../../../Projects/Unreal/Cours/vegetation_pack/Intermediate/Shaders/tmp/857A03F442F742FEA363B5B6AA599A63/'.
[2016.04.22-08.27.29:843][  0]LogShaderCompilers:Display: Using Local Shader Compiler.
[2016.04.22-08.27.31:753][  0]LogTemp:Display: Loaded TP AllDesktopTargetPlatform
[2016.04.22-08.27.31:758][  0]LogTemp:Display: Loaded TP WindowsClientTargetPlatform
[2016.04.22-08.27.31:763][  0]LogTemp:Display: Loaded TP WindowsNoEditorTargetPlatform
[2016.04.22-08.27.31:767][  0]LogTemp:Display: Loaded TP WindowsServerTargetPlatform
[2016.04.22-08.27.31:772][  0]LogTemp:Display: Loaded TP WindowsTargetPlatform
[2016.04.22-08.27.31:800][  0]LogTemp:Display: Loaded TP AndroidTargetPlatform
[2016.04.22-08.27.31:803][  0]LogTemp:Display: Loaded TP Android_ASTCTargetPlatform
[2016.04.22-08.27.31:806][  0]LogTemp:Display: Loaded TP Android_ATCTargetPlatform
[2016.04.22-08.27.31:809][  0]LogTemp:Display: Loaded TP Android_DXTTargetPlatform
[2016.04.22-08.27.31:812][  0]LogTemp:Display: Loaded TP Android_ETC1TargetPlatform
[2016.04.22-08.27.31:816][  0]LogTemp:Display: Loaded TP Android_ETC2TargetPlatform
[2016.04.22-08.27.31:819][  0]LogTemp:Display: Loaded TP Android_PVRTCTargetPlatform
[2016.04.22-08.27.31:820][  0]LogTemp:Display: Loaded TP HTML5TargetPlatform
[2016.04.22-08.27.31:862][  0]LogTemp:Display: Loaded TP IOSTargetPlatform
[2016.04.22-08.27.31:866][  0]LogTemp:Display: Loaded TP LinuxNoEditorTargetPlatform
[2016.04.22-08.27.31:869][  0]LogTemp:Display: Loaded TP LinuxServerTargetPlatform
[2016.04.22-08.27.31:873][  0]LogTemp:Display: Loaded TP LinuxTargetPlatform
[2016.04.22-08.27.31:873][  0]LogTargetPlatformManager:Display: Building Assets For Windows
[2016.04.22-08.27.32:214][  0]LogDerivedDataCache:Display: Max Cache Size: 512 MB
[2016.04.22-08.27.32:375][  0]LogDerivedDataCache: Loaded boot cache 0.16s 41MB C:/Users/Dragon/AppData/Local/UnrealEngine/4.9/DerivedDataCache/Boot.ddc.
[2016.04.22-08.27.32:375][  0]LogDerivedDataCache:Display: Loaded Boot cache: C:/Users/Dragon/AppData/Local/UnrealEngine/4.9/DerivedDataCache/Boot.ddc
[2016.04.22-08.27.32:375][  0]LogDerivedDataCache: FDerivedDataBackendGraph:  Pak pak cache file ../../../../../Projects/Unreal/Cours/vegetation_pack/DerivedDataCache/DDC.ddp not found, will not use a pak cache.
[2016.04.22-08.27.32:375][  0]LogDerivedDataCache: Unable to find inner node Pak for hierarchical cache Hierarchy.
[2016.04.22-08.27.32:375][  0]LogDerivedDataCache: FDerivedDataBackendGraph:  CompressedPak pak cache file ../../../../../Projects/Unreal/Cours/vegetation_pack/DerivedDataCache/Compressed.ddp not found, will not use a pak cache.
[2016.04.22-08.27.32:375][  0]LogDerivedDataCache: Unable to find inner node CompressedPak for hierarchical cache Hierarchy.
[2016.04.22-08.27.32:532][  0]LogDerivedDataCache:Display: Pak cache opened for reading ../../../Engine/DerivedDataCache/Compressed.ddp.
[2016.04.22-08.27.32:544][  0]LogDerivedDataCache: Using Local data cache path C:/Users/Dragon/AppData/Local/UnrealEngine/Common/DerivedDataCache: Writable
[2016.04.22-08.27.35:797][  0]LogInit: Selected Device Profile: [Windows]
[2016.04.22-08.27.35:800][  0]LogContentStreaming: Texture pool size is 0.000000MB
[2016.04.22-08.27.35:920][  0]LogMeshUtilities: No automatic mesh reduction module available
[2016.04.22-08.27.35:920][  0]LogMeshUtilities: No automatic mesh merging module available
[2016.04.22-08.27.35:969][  0]LogEnum:Warning: Enum Text 3 for Enum EViewModeIndex failed to resolve to any value
[2016.04.22-08.27.36:164][  0]LogInit: WinSock: version 1.1 (2.2), MaxSocks=32767, MaxUdp=65467
[2016.04.22-08.27.40:515][  0]UdpMessaging: Initializing bridge on interface 0.0.0.0:0 to multicast group 230.0.0.1:6666.
[2016.04.22-08.27.40:732][  0]LogAssetRegistry: FAssetRegistry took 0.0105 seconds to start up
[2016.04.22-08.27.41:248][  0]SourceControl: Info Source control is disabled
[2016.04.22-08.27.41:594][  0]SourceControl: Info Source control is disabled
[2016.04.22-08.27.41:642][  0]SourceControl: Info Source control is disabled
[2016.04.22-08.27.41:718][  0]SourceControl: Info Source control is disabled
[2016.04.22-08.27.42:126][  0]LogLinker:Warning: Asset '../../../Engine/Plugins/Runtime/LeapMotionController/Content/LM_PassthroughMaterial.uasset' has been saved with empty engine version. The asset will be loaded but may be incompatible.
[2016.04.22-08.27.42:289][  0]LogObj: 28361 objects as part of root set at end of initial load.
[2016.04.22-08.27.42:289][  0]LogUObjectAllocator: 6038872 out of 0 bytes used by permanent object pool.
[2016.04.22-08.27.42:398][  0]LogEngine: Initializing Engine...
[2016.04.22-08.27.42:400][  0]LogHMD: Can't find Oculus library dev build: is proper Runtime installed? Version: 0.7.0.0
[2016.04.22-08.27.42:408][  0]LogHMD: SteamVR failed to initialize.  Err: 110
[2016.04.22-08.27.42:540][  0]LogAIModule: Creating AISystem for world NewWorld
[2016.04.22-08.27.42:546][  0]LogInit: XAudio2 using 'Speakers (High Definition Audio Device)' : 2 channels at 44.1 kHz using 16 bits per sample (channel mask 0x3)
[2016.04.22-08.27.42:600][  0]LogInit: FAudioDevice initialized.
[2016.04.22-08.27.42:622][  0]LogDerivedDataCache: Saved boot cache 0.02s 41MB C:/Users/Dragon/AppData/Local/UnrealEngine/4.9/DerivedDataCache/Boot.ddc.
[2016.04.22-08.27.42:626][  0]LogInit: Texture streaming: Enabled
[2016.04.22-08.27.42:643][  0]LogAnalytics: Creating configured Analytics provider AnalyticsET
[2016.04.22-08.27.42:643][  0]LogAnalytics: [UEEditor.Rocket.Release] APIServer = http://et2.epicgames.com/ET2/. AppVersion = 4.9.2-2707645+++depot+UE4-Releases+4.9
[2016.04.22-08.27.42:643][  0]LogAnalytics: [UEEditor.Rocket.Release] SetUserId 742aa99d4e2ded153365c6852abd7e7a|9bc7a5fc189f4e0ab4a22d5719c4a922|c75affd5-9710-4084-a803-43ff748d47e6
[2016.04.22-08.27.42:643][  0]LogAnalytics: [UEEditor.Rocket.Release] AnalyticsET::StartSession
[2016.04.22-08.27.42:727][  0]LogInit: Transaction tracking system initialized
[2016.04.22-08.27.42:826][  0]BlueprintLog: New page: Editor Load
[2016.04.22-08.27.43:245][  0]LocalizationService: Info Localization service is disabled
[2016.04.22-08.27.43:611][  0]LogConsoleResponse:Display: 
[2016.04.22-08.27.43:932][  0]LogCook:Display: Done creating registry. It took  0.00s.
[2016.04.22-08.27.44:397][  0]LogFileCache: Scanning file cache for directory 'D:/Projects/Unreal/Cours/vegetation_pack/Content/' took 0.01s
[2016.04.22-08.27.44:397][  0]SourceControl: Info Source control is disabled
[2016.04.22-08.27.44:397][  0]Cmd: MAP LOAD FILE="../../../../../Projects/Unreal/Cours/vegetation_pack/Content/Maps/Landscape.umap" TEMPLATE=0 SHOWPROGRESS=1 FEATURELEVEL=3
[2016.04.22-08.27.44:398][  0]LightingResults: New page: Lighting Build
[2016.04.22-08.27.44:400][  0]MapCheck: New page: Map Check
[2016.04.22-08.27.44:400][  0]LightingResults: New page: Lighting Build
[2016.04.22-08.27.44:412][  0]LogParticles: Destroying 0 GPU particle simulations for FXSystem 0x000000A5D42C0400
[2016.04.22-08.27.45:163][  0]LogMaterial: Missing cached shader map for material M_Height_Slope_Procedural, compiling. 
[2016.04.22-08.27.45:270][  0]LogMaterial: Missing cached shader map for material M_Height_Slope_Procedural, compiling. 
[2016.04.22-08.27.45:316][  0]LogMaterial: Missing cached shader map for material M_Height_Slope_Procedural, compiling. 
[2016.04.22-08.27.45:362][  0]LogMaterial: Missing cached shader map for material M_Height_Slope_Procedural, compiling. 
[2016.04.22-08.27.45:438][  0]LogAIModule: Creating AISystem for world Landscape
[2016.04.22-08.27.46:322][  0]LogEditorServer: Finished looking for orphan Actors (0.000 secs)
[2016.04.22-08.27.46:322][  0]Cmd: MAP CHECKDEP NOCLEARLOG
[2016.04.22-08.27.46:466][  0]MapCheck: Info Map check complete: 0 Error(s), 0 Warning(s), took 143.149ms to complete.
[2016.04.22-08.27.46:466][  0]LogFileHelpers: Loading map 'Landscape' took 2.068
[2016.04.22-08.27.46:695][  0]LogCollectionManager: Loaded 0 collections in 0.003234 seconds
[2016.04.22-08.27.46:741][  0]LogFileCache: Scanning file cache for directory 'D:/Projects/Unreal/Cours/vegetation_pack/Saved/Collections/' took 0.01s
[2016.04.22-08.27.46:741][  0]LogFileCache: Scanning file cache for directory 'D:/Projects/Unreal/Cours/vegetation_pack/Content/Developers/Dragon/Collections/' took 0.01s
[2016.04.22-08.27.46:741][  0]LogFileCache: Scanning file cache for directory 'D:/Projects/Unreal/Cours/vegetation_pack/Content/Collections/' took 0.01s
[2016.04.22-08.27.46:741][  0]LogContentBrowser: Native class hierarchy populated in 0.0114 seconds. Added 1867 classes and 333 folders.
[2016.04.22-08.27.46:750][  0]LogCollectionManager: Rebuilt the GUID cache for 0 collections in 0.000003 seconds
[2016.04.22-08.27.46:759][  0]LogContentBrowser: Native class hierarchy updated for 'WidgetCarousel' in 0.0005 seconds. Added 0 classes and 0 folders.
[2016.04.22-08.27.47:646][  0]LogContentBrowser: Native class hierarchy updated for 'AddContentDialog' in 0.0005 seconds. Added 0 classes and 0 folders.
[2016.04.22-08.27.47:660][  0]LogContentBrowser: Native class hierarchy updated for 'SceneOutliner' in 0.0006 seconds. Added 1 classes and 2 folders.
[2016.04.22-08.27.47:727][  0]LogCrashTracker: Crashtracker disabled due to settings.
[2016.04.22-08.27.47:736][  0]LogUObjectGlobals:Warning: Failed to find object 'Class None.'
[2016.04.22-08.27.47:760][  0]LogLoad: Full Startup: 19.97 seconds (BP compile: 0.11 seconds)
[2016.04.22-08.27.48:180][  0]LogContentStreaming: Texture pool size now 1000 MB
[2016.04.22-08.27.48:386][  0]LogRenderer: Reallocating scene render targets to support 1036x576 (Frame:2).
[2016.04.22-08.27.48:502][  1]Cmd: UpdateLandscapeEditorData -warnings
[2016.04.22-08.27.49:527][  4]LogAssetRegistry: Asset discovery search completed in 8.8064 seconds
[2016.04.22-08.27.49:527][  4]LogCollectionManager: Rebuilt the object cache for 0 collections in 0.000001 seconds (found 0 objects)
[2016.04.22-08.27.49:527][  4]LogCollectionManager: Fixed up redirectors for 0 collections in 0.000043 seconds (updated 0 objects)
[2016.04.22-08.28.51:384][191]LogEditorViewport: Clicking on Actor (LMB): Landscape (Landscape)
[2016.04.22-08.29.21:337][358]LogMaterial: Missing cached shader map for material Material_0, compiling. 
[2016.04.22-08.29.21:363][359]LogMaterial: Missing cached shader map for material Material_1, compiling. 
[2016.04.22-08.29.21:403][360]LogMaterial: Missing cached shader map for material Material_2, compiling. 
[2016.04.22-08.29.21:442][361]LogMaterial: Missing cached shader map for material Material_3, compiling. 
[2016.04.22-08.29.21:468][362]LogMaterial: Missing cached shader map for material Material_4, compiling. 
[2016.04.22-08.29.21:511][363]LogMaterial: Missing cached shader map for material Material_5, compiling. 
[2016.04.22-08.29.30:594][857]LogRenderer: Reallocating scene render targets to support 1392x924 (Frame:4356).
[2016.04.22-08.29.42:295][116]LogSavePackage: Save=11.856992ms
[2016.04.22-08.29.42:295][116]LogSavePackage: Moving '../../../../../Projects/Unreal/Cours/vegetation_pack/Saved/M_Height_Slope_Procedural_Inst95BCEB464EE2C6290F58CD967E6C5E44.tmp' to '../../../../../Projects/Unreal/Cours/vegetation_pack/Content/Material/Landscape/M_Height_Slope_Procedural_Inst.uasset'
[2016.04.22-08.29.42:296][116]LogSavePackage: Total save time: 19.067828ms
[2016.04.22-08.29.42:296][116]LogSavePackage:Warning: Finished SavePackage ../../../../../Projects/Unreal/Cours/vegetation_pack/Content/Material/Landscape/M_Height_Slope_Procedural_Inst.uasset
[2016.04.22-08.30.47:175][687]LogSavePackage: Save=11.444393ms
[2016.04.22-08.30.47:175][687]LogSavePackage: Moving '../../../../../Projects/Unreal/Cours/vegetation_pack/Saved/M_Height_Slope_Procedural_InstBAC700EB4E0EB5062CF4E6A76EDE1511.tmp' to '../../../../../Projects/Unreal/Cours/vegetation_pack/Content/Material/Landscape/M_Height_Slope_Procedural_Inst.uasset'
[2016.04.22-08.30.47:176][687]LogSavePackage: Total save time: 17.449867ms
[2016.04.22-08.30.47:176][687]LogSavePackage:Warning: Finished SavePackage ../../../../../Projects/Unreal/Cours/vegetation_pack/Content/Material/Landscape/M_Height_Slope_Procedural_Inst.uasset
[2016.04.22-08.30.53:014][260]Cmd: OBJ SAVEPACKAGE PACKAGE="/Game/Maps/Landscape" FILE="../../../../../Projects/Unreal/Cours/vegetation_pack/Content/Maps/Landscape.umap" SILENT=true AUTOSAVING=false KEEPDIRTY=false
[2016.04.22-08.30.53:184][260]LogSavePackage: Save=142.275696ms
[2016.04.22-08.30.53:184][260]LogSavePackage: Moving '../../../../../Projects/Unreal/Cours/vegetation_pack/Saved/LandscapeE204808640C5342928A5BBA88AB1B48A.tmp' to '../../../../../Projects/Unreal/Cours/vegetation_pack/Content/Maps/Landscape.umap'
[2016.04.22-08.30.53:185][260]LogSavePackage: Total save time: 151.436627ms
[2016.04.22-08.30.53:185][260]LogSavePackage:Warning: Finished SavePackage ../../../../../Projects/Unreal/Cours/vegetation_pack/Content/Maps/Landscape.umap
[2016.04.22-08.31.00:068][796]LogMaterial: Missing cached shader map for material M_Height_Slope_Procedural, compiling. 
[2016.04.22-08.31.00:109][796]LogMaterial: 0.001694 seconds spent updating 1 materials, 1 interfaces, 1 instances, 1 with static permutations.
[2016.04.22-08.31.00:118][796]LogMaterial: Missing cached shader map for material M_Height_Slope_Procedural, compiling. 
[2016.04.22-08.31.00:163][796]LogMaterial: 0.002279 seconds spent updating 1 materials, 1 interfaces, 1 instances, 1 with static permutations.
[2016.04.22-08.31.00:176][796]LogMaterial: Missing cached shader map for material M_Height_Slope_Procedural, compiling. 
[2016.04.22-08.31.00:216][796]LogMaterial: 0.001504 seconds spent updating 1 materials, 1 interfaces, 1 instances, 1 with static permutations.
[2016.04.22-08.31.00:225][796]LogMaterial: Missing cached shader map for material M_Height_Slope_Procedural, compiling. 
[2016.04.22-08.31.00:275][796]LogMaterial: 0.002297 seconds spent updating 1 materials, 1 interfaces, 1 instances, 1 with static permutations.
[2016.04.22-08.31.00:276][796]LogTexture:Display: Building textures: Texture2D_2 (G8)
[2016.04.22-08.33.19:398][762]LogSavePackage: Save=11.463278ms
[2016.04.22-08.33.19:398][762]LogSavePackage: Moving '../../../../../Projects/Unreal/Cours/vegetation_pack/Saved/M_Height_Slope_Procedural_InstB2372CA9407B675970DFAA9211A50E66.tmp' to '../../../../../Projects/Unreal/Cours/vegetation_pack/Content/Material/Landscape/M_Height_Slope_Procedural_Inst.uasset'
[2016.04.22-08.33.19:399][762]LogSavePackage: Total save time: 18.438872ms
[2016.04.22-08.33.19:399][762]LogSavePackage:Warning: Finished SavePackage ../../../../../Projects/Unreal/Cours/vegetation_pack/Content/Material/Landscape/M_Height_Slope_Procedural_Inst.uasset
[2016.04.22-08.33.42:547][922]LogSavePackage: Save=11.347094ms
[2016.04.22-08.33.42:547][922]LogSavePackage: Moving '../../../../../Projects/Unreal/Cours/vegetation_pack/Saved/M_Height_Slope_Procedural_Inst36EB10824AC6D5B14FDD30816A0DB685.tmp' to '../../../../../Projects/Unreal/Cours/vegetation_pack/Content/Material/Landscape/M_Height_Slope_Procedural_Inst.uasset'
[2016.04.22-08.33.42:548][922]LogSavePackage: Total save time: 17.508578ms
[2016.04.22-08.33.42:548][922]LogSavePackage:Warning: Finished SavePackage ../../../../../Projects/Unreal/Cours/vegetation_pack/Content/Material/Landscape/M_Height_Slope_Procedural_Inst.uasset
[2016.04.22-08.33.44:605][ 38]Cmd: OBJ SAVEPACKAGE PACKAGE="/Game/Maps/Landscape" FILE="../../../../../Projects/Unreal/Cours/vegetation_pack/Content/Maps/Landscape.umap" SILENT=true AUTOSAVING=false KEEPDIRTY=false
[2016.04.22-08.33.44:623][ 38]LogTexture:Display: Building textures: Texture2D_5 (BGRA8)
[2016.04.22-08.33.44:637][ 38]LogTexture:Display: Building textures: Texture2D_39 (BGRA8)
[2016.04.22-08.33.44:764][ 38]LogSavePackage: Save=144.438034ms
[2016.04.22-08.33.44:764][ 38]LogSavePackage: Moving '../../../../../Projects/Unreal/Cours/vegetation_pack/Saved/LandscapeDAF440A4470514BEBEF205951EE1A623.tmp' to '../../../../../Projects/Unreal/Cours/vegetation_pack/Content/Maps/Landscape.umap'
[2016.04.22-08.33.44:766][ 38]LogSavePackage: Total save time: 151.189886ms
[2016.04.22-08.33.44:766][ 38]LogSavePackage:Warning: Finished SavePackage ../../../../../Projects/Unreal/Cours/vegetation_pack/Content/Maps/Landscape.umap
[2016.04.22-08.33.44:793][ 38]LogFileHelpers: Saving map 'Landscape' took 0.279
[2016.04.22-08.33.48:393][248]LogStaticMesh:Display: Discarded foliage hierarchy of 152 elements build due to concurrent removal (0.0s)
[2016.04.22-08.33.54:863][564]LogStaticMesh:Display: Discarded foliage hierarchy of 152 elements build due to concurrent removal (0.0s)
[2016.04.22-08.34.11:563][495]LogActorComponent: UnregisterComponent: (/Engine/Transient.SphereBrushComponent) Not registered. Aborting.
[2016.04.22-08.34.25:483][297]LogTexture:Display: Building textures: Texture2D_13 (BGRA8)
[2016.04.22-08.34.25:513][298]Cmd: UpdateLandscapeEditorData
[2016.04.22-08.34.42:722][302]Cmd: TRANSACTION UNDO
[2016.04.22-08.34.42:722][302]LogEditorTransaction: Undo Clicking on Actors
[2016.04.22-08.34.43:531][324]Cmd: TRANSACTION UNDO
[2016.04.22-08.34.43:531][324]LogEditorTransaction: Undo Clicking on Actors
[2016.04.22-08.34.44:119][358]Cmd: TRANSACTION UNDO
[2016.04.22-08.34.44:119][358]LogEditorTransaction: Undo Clicking on Actors
[2016.04.22-08.34.44:666][390]Cmd: TRANSACTION UNDO
[2016.04.22-08.34.44:666][390]LogEditorTransaction: Undo Clicking on Actors
[2016.04.22-08.34.45:205][421]Cmd: TRANSACTION UNDO
[2016.04.22-08.34.45:205][421]LogEditorTransaction: Undo Clicking on Actors
[2016.04.22-08.34.45:247][421]PIE:Warning: Warning AttachTo: '/Game/Maps/Landscape.Landscape:PersistentLevel.LandscapeGizmoActiveActor_0.GizmoRendererComponent0' is not static , cannot attach '/Game/Maps/Landscape.Landscape:PersistentLevel.LandscapeGizmoActiveActor_0.RootComponent0' which is static to it. Aborting.
[2016.04.22-08.34.45:543][439]Cmd: TRANSACTION UNDO
[2016.04.22-08.34.45:543][439]LogEditorTransaction: Undo Creating New Landscape
[2016.04.22-08.34.45:567][439]PIE:Warning: Warning AttachTo: '/Game/Maps/Landscape.Landscape:PersistentLevel.LandscapeGizmoActiveActor_0.GizmoRendererComponent0' is not static , cannot attach '/Game/Maps/Landscape.Landscape:PersistentLevel.LandscapeGizmoActiveActor_0.RootComponent0' which is static to it. Aborting.
[2016.04.22-08.34.45:586][440]Cmd: UpdateLandscapeEditorData
[2016.04.22-08.34.49:455][666]LogEditorActor: Deleted Actor: Landscape
[2016.04.22-08.34.49:484][666]LogEditorActor: Deleted 1 Actors (0.043 secs)
[2016.04.22-08.34.49:485][666]LogStaticMesh:Display: Discarded foliage hierarchy of 6 elements build due to concurrent removal (0.0s)
[2016.04.22-08.34.49:485][666]LogStaticMesh:Display: Discarded foliage hierarchy of 151 elements build due to concurrent removal (0.0s)
[2016.04.22-08.34.49:490][667]Cmd: UpdateLandscapeEditorData
[2016.04.22-08.34.53:632][909]LogTexture:Display: Building textures: Texture2D_14 (G8)
[2016.04.22-08.34.58:778][206]Cmd: OBJ SAVEPACKAGE PACKAGE="/Game/Maps/Landscape" FILE="../../../../../Projects/Unreal/Cours/vegetation_pack/Content/Maps/Landscape.umap" SILENT=true AUTOSAVING=false KEEPDIRTY=false
[2016.04.22-08.34.58:852][206]LogSavePackage: Save=58.395306ms
[2016.04.22-08.34.58:852][206]LogSavePackage: Moving '../../../../../Projects/Unreal/Cours/vegetation_pack/Saved/Landscape8659C9B74947F4A52A155C9450AF3423.tmp' to '../../../../../Projects/Unreal/Cours/vegetation_pack/Content/Maps/Landscape.umap'
[2016.04.22-08.34.58:854][206]LogSavePackage: Total save time: 65.276064ms
[2016.04.22-08.34.58:854][206]LogSavePackage:Warning: Finished SavePackage ../../../../../Projects/Unreal/Cours/vegetation_pack/Content/Maps/Landscape.umap
[2016.04.22-08.34.58:881][206]LogFileHelpers: Saving map 'Landscape' took 0.196
[2016.04.22-08.34.58:892][206]LogSavePackage: Save=1.328528ms
[2016.04.22-08.34.58:892][206]LogSavePackage: Moving '../../../../../Projects/Unreal/Cours/vegetation_pack/Saved/M_Height_Slope_Procedural_InstA21603C94357812CEB984C873416BD7F.tmp' to '../../../../../Projects/Unreal/Cours/vegetation_pack/Content/Material/Landscape/M_Height_Slope_Procedural_Inst.uasset'
[2016.04.22-08.34.58:893][206]LogSavePackage: Total save time: 7.869355ms
[2016.04.22-08.34.58:893][206]LogSavePackage:Warning: Finished SavePackage ../../../../../Projects/Unreal/Cours/vegetation_pack/Content/Material/Landscape/M_Height_Slope_Procedural_Inst.uasset
[2016.04.22-08.35.00:435][292]LogMaterial: 0.003018 seconds spent updating 1 materials, 1 interfaces, 1 instances, 1 with static permutations.
[2016.04.22-08.35.00:442][292]LogMaterial: 0.002872 seconds spent updating 1 materials, 1 interfaces, 1 instances, 1 with static permutations.
[2016.04.22-08.35.00:449][292]LogMaterial: 0.002948 seconds spent updating 1 materials, 1 interfaces, 1 instances, 1 with static permutations.
[2016.04.22-08.35.00:455][292]LogMaterial: 0.002856 seconds spent updating 1 materials, 1 interfaces, 1 instances, 1 with static permutations.
[2016.04.22-08.35.00:463][292]LogMaterial: 0.002936 seconds spent updating 1 materials, 1 interfaces, 1 instances, 1 with static permutations.
[2016.04.22-08.35.03:542][471]LogTexture:Display: Building textures: Texture2D_15 (BGRA8)
[2016.04.22-08.35.03:554][471]LogMaterial: 0.003369 seconds spent updating 1 materials, 1 interfaces, 1 instances, 1 with static permutations.
[2016.04.22-08.35.03:564][471]LogMaterial: 0.003185 seconds spent updating 1 materials, 1 interfaces, 1 instances, 1 with static permutations.
[2016.04.22-08.35.03:573][471]LogMaterial: 0.003191 seconds spent updating 1 materials, 1 interfaces, 1 instances, 1 with static permutations.
[2016.04.22-08.35.03:583][471]LogMaterial: 0.003153 seconds spent updating 1 materials, 1 interfaces, 1 instances, 1 with static permutations.
[2016.04.22-08.35.03:593][471]LogMaterial: 0.003031 seconds spent updating 1 materials, 1 interfaces, 1 instances, 1 with static permutations.
[2016.04.22-08.35.03:626][472]Cmd: UpdateLandscapeEditorData
[2016.04.22-08.35.54:676][467]LogMaterial: Missing cached shader map for material M_Height_Slope_Procedural, compiling. 
[2016.04.22-08.35.54:767][467]LogMaterial: Missing cached shader map for material M_Height_Slope_Procedural, compiling. 
[2016.04.22-08.35.54:781][467]LogMaterial: 0.000121 seconds spent updating 1 materials, 1 interfaces, 0 instances, 0 with static permutations.
[2016.04.22-08.36.00:555][751]MaterialEditorStats: Info Base pass shader with static lighting: 466 instructions
[2016.04.22-08.36.00:555][751]MaterialEditorStats: Info Base pass shader with only dynamic lighting: 435 instructions
[2016.04.22-08.36.00:555][751]MaterialEditorStats: Info Vertex shader: 33 instructions
[2016.04.22-08.36.00:555][751]MaterialEditorStats: Info Texture samplers: 7/16
[2016.04.22-08.36.31:054][578]LogMaterialEditor: Saving and Compiling material M_Height_Slope_Procedural
[2016.04.22-08.36.31:131][578]LogSavePackage: Save=20.566324ms
[2016.04.22-08.36.31:131][578]LogSavePackage: Moving '../../../../../Projects/Unreal/Cours/vegetation_pack/Saved/M_Height_Slope_Procedural60ACB78F42422BD8EF8EC38D2FFDCF03.tmp' to '../../../../../Projects/Unreal/Cours/vegetation_pack/Content/Material/Parent/M_Height_Slope_Procedural.uasset'
[2016.04.22-08.36.31:131][578]LogSavePackage: Total save time: 27.325969ms
[2016.04.22-08.36.31:131][578]LogSavePackage:Warning: Finished SavePackage ../../../../../Projects/Unreal/Cours/vegetation_pack/Content/Material/Parent/M_Height_Slope_Procedural.uasset
[2016.04.22-08.36.36:971][928]LogMaterial: Missing cached shader map for material M_Height_Slope_Procedural, compiling. 
[2016.04.22-08.36.36:979][928]LogMaterial: 0.000194 seconds spent updating 1 materials, 1 interfaces, 0 instances, 0 with static permutations.
[2016.04.22-08.36.38:387][  8]MaterialEditorStats: Info Base pass shader with static lighting: 63 instructions
[2016.04.22-08.36.38:387][  8]MaterialEditorStats: Info Base pass shader with only dynamic lighting: 31 instructions
[2016.04.22-08.36.38:387][  8]MaterialEditorStats: Info Vertex shader: 31 instructions
[2016.04.22-08.36.38:387][  8]MaterialEditorStats: Info Texture samplers: 2/16
[2016.04.22-08.36.38:512][ 15]LogMaterial: Missing cached shader map for material M_Height_Slope_Procedural, compiling. 
[2016.04.22-08.36.38:527][ 15]LogMaterial: 0.000146 seconds spent updating 1 materials, 1 interfaces, 0 instances, 0 with static permutations.
[2016.04.22-08.36.39:913][ 89]LogMaterialEditor: Applying material M_Height_Slope_Procedural
[2016.04.22-08.36.40:699][ 89]LogMaterial: Missing cached shader map for material M_Height_Slope_Procedural, compiling. 
[2016.04.22-08.36.40:761][ 89]LogMaterial: 0.000161 seconds spent updating 1 materials, 1 interfaces, 0 instances, 0 with static permutations.
[2016.04.22-08.36.40:850][ 89]LogMaterial: Missing cached shader map for material M_Height_Slope_Procedural, compiling. 
[2016.04.22-08.36.40:955][ 89]LogMaterial: Missing cached shader map for material M_Height_Slope_Procedural, compiling. 
[2016.04.22-08.36.41:027][ 89]LogMaterial: Missing cached shader map for material M_Height_Slope_Procedural, compiling. 
[2016.04.22-08.36.41:079][ 89]LogMaterial: Missing cached shader map for material M_Height_Slope_Procedural, compiling. 
[2016.04.22-08.36.41:131][ 89]LogMaterial: Missing cached shader map for material M_Height_Slope_Procedural, compiling. 
[2016.04.22-08.36.41:196][ 89]LogMaterial: Missing cached shader map for material M_Height_Slope_Procedural, compiling. 
[2016.04.22-08.36.41:256][ 89]LogMaterial: Missing cached shader map for material M_Height_Slope_Procedural, compiling. 
[2016.04.22-08.36.41:327][ 89]LogMaterial: Missing cached shader map for material M_Height_Slope_Procedural, compiling. 
[2016.04.22-08.36.41:393][ 89]LogMaterial: Missing cached shader map for material M_Height_Slope_Procedural, compiling. 
[2016.04.22-08.36.41:447][ 89]LogMaterial: Missing cached shader map for material M_Height_Slope_Procedural, compiling. 
[2016.04.22-08.36.41:512][ 89]LogMaterial: 0.493195 seconds spent updating 1 materials, 1 interfaces, 128 instances, 18 with static permutations.
[2016.04.22-08.37.26:822][688]MaterialEditorStats: Info Base pass shader with static lighting: 486 instructions
[2016.04.22-08.37.26:822][688]MaterialEditorStats: Info Base pass shader with only dynamic lighting: 454 instructions
[2016.04.22-08.37.26:822][688]MaterialEditorStats: Info Vertex shader: 33 instructions
[2016.04.22-08.37.26:822][688]MaterialEditorStats: Info Texture samplers: 9/16
[2016.04.22-08.39.29:391][415]LogMaterial: Missing cached shader map for material Material_7, compiling. 
[2016.04.22-08.39.29:404][415]LogMaterial: 0.000046 seconds spent updating 1 materials, 1 interfaces, 0 instances, 0 with static permutations.
[2016.04.22-08.39.29:420][415]LogMaterial: Missing cached shader map for material Material_7, compiling. 
[2016.04.22-08.39.29:436][415]LogMaterial: 0.000071 seconds spent updating 1 materials, 1 interfaces, 0 instances, 0 with static permutations.
[2016.04.22-08.39.29:466][415]LogMaterial: Missing cached shader map for material FMatExpressionPreview MaterialExpressionFunctionOutput_2, compiling. 
[2016.04.22-08.39.29:469][415]LogMaterial: Missing cached shader map for material FMatExpressionPreview MaterialExpressionTextureObject_4, compiling. 
[2016.04.22-08.39.29:472][415]LogMaterial: Missing cached shader map for material FMatExpressionPreview MaterialExpressionTextureObject_5, compiling. 
[2016.04.22-08.39.29:476][415]LogMaterial: Missing cached shader map for material FMatExpressionPreview MaterialExpressionFunctionInput_6, compiling. 
[2016.04.22-08.39.29:479][415]LogMaterial: Missing cached shader map for material FMatExpressionPreview MaterialExpressionFunctionInput_7, compiling. 
[2016.04.22-08.39.29:484][415]LogMaterial: Missing cached shader map for material FMatExpressionPreview MaterialExpressionTextureObject_2, compiling. 
[2016.04.22-08.39.29:488][415]LogMaterial: Missing cached shader map for material FMatExpressionPreview MaterialExpressionTextureObject_3, compiling. 
[2016.04.22-08.39.29:492][415]LogMaterial: Missing cached shader map for material FMatExpressionPreview MaterialExpressionConstant3Vector_20, compiling. 
[2016.04.22-08.39.29:496][415]LogMaterial: Missing cached shader map for material FMatExpressionPreview MaterialExpressionConstant3Vector_21, compiling. 
[2016.04.22-08.40.10:089][644]Cmd: OBJ SAVEPACKAGE PACKAGE="/Game/Maps/Landscape" FILE="../../../../../Projects/Unreal/Cours/vegetation_pack/Content/Maps/Landscape.umap" SILENT=true AUTOSAVING=false KEEPDIRTY=false
[2016.04.22-08.40.10:110][644]LogTexture:Display: Building textures: Texture2D_15 (BGRA8)
[2016.04.22-08.40.10:241][644]LogSavePackage: Save=134.465454ms
[2016.04.22-08.40.10:241][644]LogSavePackage: Moving '../../../../../Projects/Unreal/Cours/vegetation_pack/Saved/LandscapeB513D3AE4C45CD09F8C4F380579B47F1.tmp' to '../../../../../Projects/Unreal/Cours/vegetation_pack/Content/Maps/Landscape.umap'
[2016.04.22-08.40.10:243][644]LogSavePackage: Total save time: 143.640347ms
[2016.04.22-08.40.10:243][644]LogSavePackage:Warning: Finished SavePackage ../../../../../Projects/Unreal/Cours/vegetation_pack/Content/Maps/Landscape.umap
[2016.04.22-08.40.10:269][644]LogFileHelpers: Saving map 'Landscape' took 0.273
[2016.04.22-08.40.10:313][644]LogSavePackage: Save=19.737020ms
[2016.04.22-08.40.10:313][644]LogSavePackage: Moving '../../../../../Projects/Unreal/Cours/vegetation_pack/Saved/M_Height_Slope_Procedural1282896B4AEE0BEDCAFB2CA65327CFAC.tmp' to '../../../../../Projects/Unreal/Cours/vegetation_pack/Content/Material/Parent/M_Height_Slope_Procedural.uasset'
[2016.04.22-08.40.10:314][644]LogSavePackage: Total save time: 25.959264ms
[2016.04.22-08.40.10:314][644]LogSavePackage:Warning: Finished SavePackage ../../../../../Projects/Unreal/Cours/vegetation_pack/Content/Material/Parent/M_Height_Slope_Procedural.uasset
[2016.04.22-08.40.10:325][645]Cmd: UpdateLandscapeEditorData
[2016.04.22-08.40.17:524][ 73]LogMaterialEditor: Saving and Compiling material M_Height_Slope_Procedural
[2016.04.22-08.40.17:579][ 73]LogSavePackage: Save=9.699571ms
[2016.04.22-08.40.17:579][ 73]LogSavePackage: Moving '../../../../../Projects/Unreal/Cours/vegetation_pack/Saved/M_Height_Slope_Procedural97D780F7477F714142CFF59E7F35B7FF.tmp' to '../../../../../Projects/Unreal/Cours/vegetation_pack/Content/Material/Parent/M_Height_Slope_Procedural.uasset'
[2016.04.22-08.40.17:580][ 73]LogSavePackage: Total save time: 15.248515ms
[2016.04.22-08.40.17:580][ 73]LogSavePackage:Warning: Finished SavePackage ../../../../../Projects/Unreal/Cours/vegetation_pack/Content/Material/Parent/M_Height_Slope_Procedural.uasset
[2016.04.22-08.40.47:945][889]LogMaterial: Missing cached shader map for material Material_9, compiling. 
[2016.04.22-08.40.47:945][889]LogMaterial:Warning: Failed to compile Material /Engine/Transient.Material_9 for platform PCD3D_SM5, Default Material will be used in game.
[2016.04.22-08.40.47:945][889]LogMaterial:Warning: 	Missing Preview connection for function input 'Base Material'
[2016.04.22-08.40.47:945][889]LogMaterial:Warning: 	Missing Preview connection for function input 'Top Material'
[2016.04.22-08.40.47:946][889]LogMaterial: 0.000109 seconds spent updating 1 materials, 1 interfaces, 0 instances, 0 with static permutations.
[2016.04.22-08.40.47:958][889]LogMaterial: Missing cached shader map for material Material_9, compiling. 
[2016.04.22-08.40.47:958][889]LogMaterial:Warning: Failed to compile Material /Engine/Transient.Material_9 for platform PCD3D_SM5, Default Material will be used in game.
[2016.04.22-08.40.47:958][889]LogMaterial:Warning: 	Missing Preview connection for function input 'Base Material'
[2016.04.22-08.40.47:958][889]LogMaterial:Warning: 	Missing Preview connection for function input 'Top Material'
[2016.04.22-08.40.47:959][889]LogMaterial: 0.000075 seconds spent updating 1 materials, 1 interfaces, 0 instances, 0 with static permutations.
[2016.04.22-08.40.47:988][889]LogMaterial: Missing cached shader map for material FMatExpressionPreview MaterialExpressionFunctionOutput_6, compiling. 
[2016.04.22-08.40.47:991][889]LogMaterial: Missing cached shader map for material FMatExpressionPreview MaterialExpressionFunctionInput_36, compiling. 
[2016.04.22-08.40.47:995][889]MaterialEditorStats:Error: Error [SM5] Missing Preview connection for function input 'Base Material'
[2016.04.22-08.40.47:995][889]MaterialEditorStats:Error: Error [SM5] Missing Preview connection for function input 'Top Material'
[2016.04.22-08.41.14:476][450]LogWindowsTextInputMethodSystem:Display: IME system now deactivated.
[2016.04.22-08.41.14:759][451]Cmd: QUIT_EDITOR
[2016.04.22-08.41.15:012][451]LogExit: Preparing to exit.
[2016.04.22-08.41.16:126][451]LogExit: Editor shut down
[2016.04.22-08.41.16:126][451]LogExit: Transaction tracking system shut down
[2016.04.22-08.41.16:127][451]LogParticles: Destroying 0 GPU particle simulations for FXSystem 0x000000A58F818B80
[2016.04.22-08.41.16:128][451]LogParticles: Destroying 0 GPU particle simulations for FXSystem 0x000000A5E862EE80
[2016.04.22-08.41.16:136][451]LogParticles: Destroying 0 GPU particle simulations for FXSystem 0x000000A5DD0C6520
[2016.04.22-08.41.16:137][451]LogParticles: Destroying 0 GPU particle simulations for FXSystem 0x000000A6059CF9C0
[2016.04.22-08.41.16:137][451]LogParticles: Destroying 0 GPU particle simulations for FXSystem 0x000000A5EA0D3880
[2016.04.22-08.41.16:137][451]LogParticles: Destroying 0 GPU particle simulations for FXSystem 0x000000A5E9BAB600
[2016.04.22-08.41.16:137][451]LogParticles: Destroying 0 GPU particle simulations for FXSystem 0x000000A5E9BAB4C0
[2016.04.22-08.41.16:137][451]LogParticles: Destroying 0 GPU particle simulations for FXSystem 0x000000A5E862C9A0
[2016.04.22-08.41.16:137][451]LogParticles: Destroying 0 GPU particle simulations for FXSystem 0x000000A5EA361940
[2016.04.22-08.41.16:264][451]LogExit: Object subsystem successfully closed.
[2016.04.22-08.41.16:273][451]LogD3D11RHI: Shutdown
[2016.04.22-08.41.16:273][451]LogD3D11RHI: CleanupD3DDevice
[2016.04.22-08.41.16:350][451]LogD3D11RHI: ~FD3D11DynamicRHI
[2016.04.22-08.41.16:366][451]LogModuleManager: Shutting down and abandoning module MaterialEditor (198)
[2016.04.22-08.41.16:366][451]LogModuleManager: Shutting down and abandoning module CrashTracker (197)
[2016.04.22-08.41.16:366][451]LogModuleManager: Shutting down and abandoning module SceneOutliner (196)
[2016.04.22-08.41.16:366][451]LogModuleManager: Shutting down and abandoning module SuperSearch (195)
[2016.04.22-08.41.16:366][451]LogModuleManager: Shutting down and abandoning module WidgetCarousel (194)
[2016.04.22-08.41.16:366][451]LogModuleManager: Shutting down and abandoning module AddContentDialog (193)
[2016.04.22-08.41.16:367][451]LogModuleManager: Shutting down and abandoning module EditorWidgets (192)
[2016.04.22-08.41.16:367][451]LogModuleManager: Shutting down and abandoning module CollectionManager (191)
[2016.04.22-08.41.16:367][451]LogModuleManager: Shutting down and abandoning module StatsViewer (190)
[2016.04.22-08.41.16:367][451]LogModuleManager: Shutting down and abandoning module FoliageEdit (189)
[2016.04.22-08.41.16:367][451]LogModuleManager: Shutting down and abandoning module LandscapeEditor (188)
[2016.04.22-08.41.16:367][451]LogModuleManager: Shutting down and abandoning module ActorPickerMode (187)
[2016.04.22-08.41.16:367][451]LogModuleManager: Shutting down and abandoning module GeometryMode (186)
[2016.04.22-08.41.16:367][451]LogModuleManager: Shutting down and abandoning module TextureAlignMode (185)
[2016.04.22-08.41.16:367][451]LogModuleManager: Shutting down and abandoning module BspMode (184)
[2016.04.22-08.41.16:367][451]LogModuleManager: Shutting down and abandoning module PlacementMode (183)
[2016.04.22-08.41.16:367][451]LogModuleManager: Shutting down and abandoning module AutomationWorker (182)
[2016.04.22-08.41.16:367][451]LogModuleManager: Shutting down and abandoning module CharacterAI (181)
[2016.04.22-08.41.16:367][451]LogModuleManager: Shutting down and abandoning module SmartSnapping (180)
[2016.04.22-08.41.16:367][451]LogModuleManager: Shutting down and abandoning module ViewportSnapping (179)
[2016.04.22-08.41.16:367][451]LogModuleManager: Shutting down and abandoning module LogVisualizer (178)
[2016.04.22-08.41.16:367][451]LogModuleManager: Shutting down and abandoning module GameProjectGeneration (177)
[2016.04.22-08.41.16:367][451]LogModuleManager: Shutting down and abandoning module IntroTutorials (176)
[2016.04.22-08.41.16:367][451]LogModuleManager: Shutting down and abandoning module EditorLiveStreaming (175)
[2016.04.22-08.41.16:368][451]LogModuleManager: Shutting down and abandoning module IOSPlatformEditor (174)
[2016.04.22-08.41.16:368][451]LogModuleManager: Shutting down and abandoning module HTML5PlatformEditor (173)
[2016.04.22-08.41.16:368][451]LogModuleManager: Shutting down and abandoning module AndroidDeviceDetection (172)
[2016.04.22-08.41.16:547][451]LogModuleManager: Shutting down and abandoning module AndroidPlatformEditor (171)
[2016.04.22-08.41.16:547][451]LogModuleManager: Shutting down and abandoning module IOSRuntimeSettings (170)
[2016.04.22-08.41.16:547][451]LogModuleManager: Shutting down and abandoning module AndroidRuntimeSettings (169)
[2016.04.22-08.41.16:547][451]LogModuleManager: Shutting down and abandoning module MergeActors (168)
[2016.04.22-08.41.16:547][451]LogModuleManager: Shutting down and abandoning module SizeMap (167)
[2016.04.22-08.41.16:547][451]LogModuleManager: Shutting down and abandoning module TreeMap (166)
[2016.04.22-08.41.16:547][451]LogModuleManager: Shutting down and abandoning module ReferenceViewer (165)
[2016.04.22-08.41.16:547][451]LogModuleManager: Shutting down and abandoning module LocalizationService (164)
[2016.04.22-08.41.16:547][451]LogModuleManager: Shutting down and abandoning module LocalizationDashboard (163)
[2016.04.22-08.41.16:547][451]LogModuleManager: Shutting down and abandoning module HardwareTargeting (162)
[2016.04.22-08.41.16:547][451]LogModuleManager: Shutting down and abandoning module DeviceProfileEditor (161)
[2016.04.22-08.41.16:547][451]LogModuleManager: Shutting down and abandoning module UndoHistory (160)
[2016.04.22-08.41.16:547][451]LogModuleManager: Shutting down and abandoning module GameplayTagsEditor (159)
[2016.04.22-08.41.16:547][451]LogModuleManager: Shutting down and abandoning module UserFeedback (158)
[2016.04.22-08.41.16:547][451]LogModuleManager: Shutting down and abandoning module XmlParser (157)
[2016.04.22-08.41.16:547][451]LogModuleManager: Shutting down and abandoning module Blutility (156)
[2016.04.22-08.41.16:547][451]LogModuleManager: Shutting down and abandoning module ProjectTargetPlatformEditor (155)
[2016.04.22-08.41.16:547][451]LogModuleManager: Shutting down and abandoning module ProjectSettingsViewer (154)
[2016.04.22-08.41.16:547][451]LogModuleManager: Shutting down and abandoning module InputBindingEditor (153)
[2016.04.22-08.41.16:548][451]LogModuleManager: Shutting down and abandoning module EditorSettingsViewer (152)
[2016.04.22-08.41.16:548][451]LogModuleManager: Shutting down and abandoning module SettingsEditor (151)
[2016.04.22-08.41.16:548][451]LogModuleManager: Shutting down and abandoning module ProjectLauncher (150)
[2016.04.22-08.41.16:548][451]LogModuleManager: Shutting down and abandoning module SessionFrontend (149)
[2016.04.22-08.41.16:548][451]LogModuleManager: Shutting down and abandoning module ProfilerClient (148)
[2016.04.22-08.41.16:548][451]LogModuleManager: Shutting down and abandoning module TargetDeviceServices (147)
[2016.04.22-08.41.16:548][451]LogModuleManager: Shutting down and abandoning module DeviceManager (146)
[2016.04.22-08.41.16:548][451]LogModuleManager: Shutting down and abandoning module AutomationController (145)
[2016.04.22-08.41.16:548][451]LogModuleManager: Shutting down and abandoning module AutomationWindow (144)
[2016.04.22-08.41.16:548][451]LogModuleManager: Shutting down and abandoning module Layers (143)
[2016.04.22-08.41.16:548][451]LogModuleManager: Shutting down and abandoning module ComponentVisualizers (142)
[2016.04.22-08.41.16:548][451]LogModuleManager: Shutting down and abandoning module DetailCustomizations (141)
[2016.04.22-08.41.16:548][451]LogModuleManager: Shutting down and abandoning module PackagesDialog (140)
[2016.04.22-08.41.16:548][451]LogModuleManager: Shutting down and abandoning module Persona (139)
[2016.04.22-08.41.16:548][451]LogModuleManager: Shutting down and abandoning module Kismet (138)
[2016.04.22-08.41.16:548][451]LogModuleManager: Shutting down and abandoning module GraphEditor (137)
[2016.04.22-08.41.16:548][451]LogModuleManager: Shutting down and abandoning module ClassViewer (136)
[2016.04.22-08.41.16:548][451]LogModuleManager: Shutting down and abandoning module Toolbox (135)
[2016.04.22-08.41.16:548][451]LogModuleManager: Shutting down and abandoning module ModuleUI (134)
[2016.04.22-08.41.16:548][451]LogModuleManager: Shutting down and abandoning module MovieSceneTools (133)
[2016.04.22-08.41.16:548][451]LogModuleManager: Shutting down and abandoning module OutputLog (132)
[2016.04.22-08.41.16:548][451]LogModuleManager: Shutting down and abandoning module GammaUI (131)
[2016.04.22-08.41.16:548][451]LogModuleManager: Shutting down and abandoning module Documentation (130)
[2016.04.22-08.41.16:548][451]LogModuleManager: Shutting down and abandoning module GameLiveStreaming (129)
[2016.04.22-08.41.16:548][451]LogModuleManager: Shutting down and abandoning module StreamingPauseRendering (128)
[2016.04.22-08.41.16:548][451]LogModuleManager: Shutting down and abandoning module AnalyticsET (127)
[2016.04.22-08.41.16:548][451]LogModuleManager: Shutting down and abandoning module Analytics (126)
[2016.04.22-08.41.16:549][451]LogModuleManager: Shutting down and abandoning module AITestSuite (125)
[2016.04.22-08.41.16:549][451]LogModuleManager: Shutting down and abandoning module GameplayDebugger (124)
[2016.04.22-08.41.16:549][451]LogModuleManager: Shutting down and abandoning module AIModule (123)
[2016.04.22-08.41.16:549][451]LogModuleManager: Shutting down and abandoning module ProfilerService (122)
[2016.04.22-08.41.16:648][451]LogModuleManager: Shutting down and abandoning module TaskGraph (121)
[2016.04.22-08.41.16:648][451]LogModuleManager: Shutting down and abandoning module SlateRemote (120)
[2016.04.22-08.41.16:648][451]LogModuleManager: Shutting down and abandoning module SteamVRController (119)
[2016.04.22-08.41.16:648][451]LogModuleManager: Shutting down and abandoning module SteamVR (118)
[2016.04.22-08.41.16:648][451]LogModuleManager: Shutting down and abandoning module ProceduralMeshComponent (117)
[2016.04.22-08.41.16:648][451]LogModuleManager: Shutting down and abandoning module OculusRift (116)
[2016.04.22-08.41.16:648][451]LogModuleManager: Shutting down and abandoning module OculusLibrary (115)
[2016.04.22-08.41.16:648][451]LogModuleManager: Shutting down and abandoning module LeapMotionController (114)
[2016.04.22-08.41.16:659][451]LogModuleManager: Shutting down and abandoning module CustomMeshComponent (113)
[2016.04.22-08.41.16:659][451]LogModuleManager: Shutting down and abandoning module CableComponent (112)
[2016.04.22-08.41.16:659][451]LogModuleManager: Shutting down and abandoning module ArchVisCharacter (111)
[2016.04.22-08.41.16:659][451]LogModuleManager: Shutting down and abandoning module MessagingDebugger (110)
[2016.04.22-08.41.16:659][451]LogModuleManager: Shutting down and abandoning module MediaPlayerEditor (109)
[2016.04.22-08.41.16:659][451]LogModuleManager: Shutting down and abandoning module HTML5Networking (108)
[2016.04.22-08.41.16:659][451]LogModuleManager: Shutting down and abandoning module SpeedTreeImporter (107)
[2016.04.22-08.41.16:659][451]LogModuleManager: Shutting down and abandoning module PluginBrowser (106)
[2016.04.22-08.41.16:659][451]LogModuleManager: Shutting down and abandoning module EpicSurvey (105)
[2016.04.22-08.41.16:659][451]LogModuleManager: Shutting down and abandoning module DesktopPlatform (104)
[2016.04.22-08.41.16:659][451]LogModuleManager: Shutting down and abandoning module VisualStudioSourceCodeAccess (103)
[2016.04.22-08.41.16:659][451]LogModuleManager: Shutting down and abandoning module UObjectPlugin (102)
[2016.04.22-08.41.16:659][451]LogModuleManager: Shutting down and abandoning module SubversionSourceControl (101)
[2016.04.22-08.41.16:659][451]LogModuleManager: Shutting down and abandoning module PerforceSourceControl (100)
[2016.04.22-08.41.16:659][451]LogModuleManager: Shutting down and abandoning module SourceControl (99)
[2016.04.22-08.41.16:659][451]LogModuleManager: Shutting down and abandoning module GitSourceControl (98)
[2016.04.22-08.41.16:659][451]LogModuleManager: Shutting down and abandoning module LightPropagationVolumeEditor (97)
[2016.04.22-08.41.16:659][451]LogModuleManager: Shutting down and abandoning module PaperTiledImporter (96)
[2016.04.22-08.41.16:659][451]LogModuleManager: Shutting down and abandoning module PaperSpriteSheetImporter (95)
[2016.04.22-08.41.16:659][451]LogModuleManager: Shutting down and abandoning module MeshPaint (94)
[2016.04.22-08.41.16:659][451]LogModuleManager: Shutting down and abandoning module SlateReflector (93)
[2016.04.22-08.41.16:659][451]LogModuleManager: Shutting down and abandoning module HotReload (92)
[2016.04.22-08.41.16:659][451]LogModuleManager: Shutting down and abandoning module MainFrame (91)
[2016.04.22-08.41.16:659][451]LogModuleManager: Shutting down and abandoning module LevelEditor (90)
[2016.04.22-08.41.16:660][451]LogModuleManager: Shutting down and abandoning module DirectoryWatcher (89)
[2016.04.22-08.41.16:661][451]LogModuleManager: Shutting down and abandoning module AssetRegistry (88)
[2016.04.22-08.41.16:691][451]LogModuleManager: Shutting down and abandoning module ContentBrowser (87)
[2016.04.22-08.41.16:692][451]LogModuleManager: Shutting down and abandoning module Paper2DEditor (86)
[2016.04.22-08.41.16:692][451]LogModuleManager: Shutting down and abandoning module UdpMessaging (85)
[2016.04.22-08.41.16:794][451]LogModuleManager: Shutting down and abandoning module LightPropagationVolumeRuntime (84)
[2016.04.22-08.41.16:794][451]LogModuleManager: Shutting down and abandoning module Paper2D (83)
[2016.04.22-08.41.16:794][451]LogModuleManager: Shutting down and abandoning module WindowsMoviePlayer (82)
[2016.04.22-08.41.16:795][451]LogModuleManager: Shutting down and abandoning module Media (81)
[2016.04.22-08.41.16:795][451]LogModuleManager: Shutting down and abandoning module WmfMedia (80)
[2016.04.22-08.41.16:796][451]LogModuleManager: Shutting down and abandoning module OnlineBlueprintSupport (79)
[2016.04.22-08.41.16:796][451]LogModuleManager: Shutting down and abandoning module GameplayTasksEditor (78)
[2016.04.22-08.41.16:796][451]LogModuleManager: Shutting down and abandoning module PropertyEditor (77)
[2016.04.22-08.41.16:796][451]LogModuleManager: Shutting down and abandoning module BehaviorTreeEditor (76)
[2016.04.22-08.41.16:796][451]LogModuleManager: Shutting down and abandoning module FunctionalTesting (75)
[2016.04.22-08.41.16:796][451]LogModuleManager: Shutting down and abandoning module CollisionAnalyzer (74)
[2016.04.22-08.41.16:796][451]LogModuleManager: Shutting down and abandoning module WorkspaceMenuStructure (73)
[2016.04.22-08.41.16:796][451]LogModuleManager: Shutting down and abandoning module MessageLog (72)
[2016.04.22-08.41.16:796][451]LogModuleManager: Shutting down and abandoning module Sequencer (71)
[2016.04.22-08.41.16:796][451]LogModuleManager: Shutting down and abandoning module AssetTools (70)
[2016.04.22-08.41.16:796][451]LogModuleManager: Shutting down and abandoning module UMGEditor (69)
[2016.04.22-08.41.16:796][451]LogModuleManager: Shutting down and abandoning module UMG (68)
[2016.04.22-08.41.16:796][451]LogModuleManager: Shutting down and abandoning module Slate (67)
[2016.04.22-08.41.16:796][451]LogModuleManager: Shutting down and abandoning module EditorStyle (66)
[2016.04.22-08.41.16:798][451]LogModuleManager: Shutting down and abandoning module SessionServices (65)
[2016.04.22-08.41.16:798][451]LogModuleManager: Shutting down and abandoning module SourceCodeAccess (64)
[2016.04.22-08.41.16:798][451]LogModuleManager: Shutting down and abandoning module HeadMountedDisplay (63)
[2016.04.22-08.41.16:798][451]LogModuleManager: Shutting down and abandoning module XAudio2 (62)
[2016.04.22-08.41.16:798][451]LogModuleManager: Shutting down and abandoning module Networking (60)
[2016.04.22-08.41.16:798][451]LogModuleManager: Shutting down and abandoning module Core (59)
[2016.04.22-08.41.16:798][451]LogModuleManager: Shutting down and abandoning module KismetCompiler (58)
[2016.04.22-08.41.16:798][451]LogModuleManager: Shutting down and abandoning module PhysXFormats (57)
[2016.04.22-08.41.16:798][451]LogModuleManager: Shutting down and abandoning module MeshUtilities (56)
[2016.04.22-08.41.16:798][451]LogModuleManager: Shutting down and abandoning module CookingStats (55)
[2016.04.22-08.41.16:799][451]LogModuleManager: Shutting down and abandoning module DerivedDataCache (54)
[2016.04.22-08.41.16:813][451]LogDerivedDataCache: Shutdown
[2016.04.22-08.41.16:813][451]LogModuleManager: Shutting down and abandoning module ShaderFormatOpenGL (53)
[2016.04.22-08.41.16:813][451]LogModuleManager: Shutting down and abandoning module ShaderFormatD3D (52)
[2016.04.22-08.41.16:813][451]LogModuleManager: Shutting down and abandoning module MetalShaderFormat (51)
[2016.04.22-08.41.16:813][451]LogModuleManager: Shutting down and abandoning module TextureFormatUncompressed (50)
[2016.04.22-08.41.16:813][451]LogModuleManager: Shutting down and abandoning module TextureFormatPVR (49)
[2016.04.22-08.41.16:813][451]LogModuleManager: Shutting down and abandoning module TextureFormatIntelISPCTexComp (48)
[2016.04.22-08.41.16:813][451]LogModuleManager: Shutting down and abandoning module TextureFormatDXT (47)
[2016.04.22-08.41.16:813][451]LogModuleManager: Shutting down and abandoning module ImageWrapper (46)
[2016.04.22-08.41.16:813][451]LogModuleManager: Shutting down and abandoning module TextureFormatASTC (45)
[2016.04.22-08.41.16:813][451]LogModuleManager: Shutting down and abandoning module TextureFormatAndroid (44)
[2016.04.22-08.41.16:813][451]LogModuleManager: Shutting down and abandoning module AudioFormatOpus (43)
[2016.04.22-08.41.16:813][451]LogModuleManager: Shutting down and abandoning module AudioFormatOgg (42)
[2016.04.22-08.41.16:813][451]LogModuleManager: Shutting down and abandoning module AudioFormatADPCM (41)
[2016.04.22-08.41.16:813][451]LogModuleManager: Shutting down and abandoning module LinuxTargetPlatform (40)
[2016.04.22-08.41.16:813][451]LogModuleManager: Shutting down and abandoning module LinuxServerTargetPlatform (39)
[2016.04.22-08.41.16:813][451]LogModuleManager: Shutting down and abandoning module LinuxNoEditorTargetPlatform (38)
[2016.04.22-08.41.16:813][451]LogModuleManager: Shutting down and abandoning module Messaging (37)
[2016.04.22-08.41.16:813][451]LogModuleManager: Shutting down and abandoning module IOSTargetPlatform (36)
[2016.04.22-08.41.16:813][451]LogModuleManager: Shutting down and abandoning module HTML5TargetPlatform (35)
[2016.04.22-08.41.16:813][451]LogModuleManager: Shutting down and abandoning module Android_PVRTCTargetPlatform (34)
[2016.04.22-08.41.16:813][451]LogModuleManager: Shutting down and abandoning module Android_ETC2TargetPlatform (33)
[2016.04.22-08.41.16:813][451]LogModuleManager: Shutting down and abandoning module Android_ETC1TargetPlatform (32)
[2016.04.22-08.41.16:813][451]LogModuleManager: Shutting down and abandoning module Android_DXTTargetPlatform (31)
[2016.04.22-08.41.16:813][451]LogModuleManager: Shutting down and abandoning module Android_ATCTargetPlatform (30)
[2016.04.22-08.41.16:813][451]LogModuleManager: Shutting down and abandoning module Android_ASTCTargetPlatform (29)
[2016.04.22-08.41.16:813][451]LogModuleManager: Shutting down and abandoning module AndroidTargetPlatform (28)
[2016.04.22-08.41.16:813][451]LogModuleManager: Shutting down and abandoning module WindowsTargetPlatform (27)
[2016.04.22-08.41.16:813][451]LogModuleManager: Shutting down and abandoning module WindowsServerTargetPlatform (26)
[2016.04.22-08.41.16:813][451]LogModuleManager: Shutting down and abandoning module WindowsNoEditorTargetPlatform (25)
[2016.04.22-08.41.16:813][451]LogModuleManager: Shutting down and abandoning module WindowsClientTargetPlatform (24)
[2016.04.22-08.41.16:813][451]LogModuleManager: Shutting down and abandoning module AllDesktopTargetPlatform (23)
[2016.04.22-08.41.16:813][451]LogModuleManager: Shutting down and abandoning module TargetPlatform (22)
[2016.04.22-08.41.16:813][451]LogModuleManager: Shutting down and abandoning module InputCore (21)
[2016.04.22-08.41.16:813][451]LogModuleManager: Shutting down and abandoning module Settings (20)
[2016.04.22-08.41.16:814][451]LogModuleManager: Shutting down and abandoning module OnlineSubsystem (18)
[2016.04.22-08.41.16:814][451]LogModuleManager: Shutting down and abandoning module HTTP (17)
[2016.04.22-08.41.17:815][451]LogModuleManager: Shutting down and abandoning module XMPP (16)
[2016.04.22-08.41.17:815][451]LogModuleManager: Shutting down and abandoning module ExampleDeviceProfileSelector (15)
[2016.04.22-08.41.17:815][451]LogModuleManager: Shutting down and abandoning module TextureCompressor (14)
[2016.04.22-08.41.17:815][451]LogModuleManager: Shutting down and abandoning module ShaderCore (13)
[2016.04.22-08.41.17:815][451]LogModuleManager: Shutting down and abandoning module Landscape (12)
[2016.04.22-08.41.17:815][451]LogModuleManager: Shutting down and abandoning module SlateRHIRenderer (11)
[2016.04.22-08.41.17:816][451]LogModuleManager: Shutting down and abandoning module OpenGLDrv (10)
[2016.04.22-08.41.17:816][451]LogModuleManager: Shutting down and abandoning module D3D11RHI (9)
[2016.04.22-08.41.17:816][451]LogModuleManager: Shutting down and abandoning module AnimGraphRuntime (8)
[2016.04.22-08.41.17:816][451]LogModuleManager: Shutting down and abandoning module Renderer (7)
[2016.04.22-08.41.17:816][451]LogModuleManager: Shutting down and abandoning module Engine (6)
[2016.04.22-08.41.17:816][451]LogModuleManager: Shutting down and abandoning module CoreUObject (5)
[2016.04.22-08.41.17:816][451]LogModuleManager: Shutting down and abandoning module NetworkFile (4)
[2016.04.22-08.41.17:816][451]LogModuleManager: Shutting down and abandoning module StreamingFile (3)
[2016.04.22-08.41.17:816][451]LogModuleManager: Shutting down and abandoning module SandboxFile (2)
[2016.04.22-08.41.17:816][451]LogModuleManager: Shutting down and abandoning module PakFile (1)
[2016.04.22-08.41.17:817][451]LogExit: Exiting.
[2016.04.22-08.41.17:821][451]Log file closed, 04/22/16 17:41:17
